<?xml version="1.0" encoding="UTF-8"?>
<!-- Generated by org.testng.reporters.JUnitReportReporter -->
<testsuite hostname="ASAD-MUMTAZ" failures="0" tests="4" name="airlineApiTests.AirlineTests" time="5.492" errors="0" timestamp="2024-12-22T17:48:58 PKT" skipped="0">
  <testcase classname="airlineApiTests.AirlineTests" name="updatePassenger" time="0.821"/>
  <testcase classname="airlineApiTests.AirlineTests" name="createPassenger" time="2.979"/>
  <testcase classname="airlineApiTests.AirlineTests" name="deletePassenger" time="0.820"/>
  <testcase classname="airlineApiTests.AirlineTests" name="getPassenger" time="0.872"/>
</testsuite> <!-- airlineApiTests.AirlineTests -->
